{
  "RSpec": {
    "coverage": {
      "/Users/sarah/Documents/workspace/pessoal/watchlist/app/models/episode.rb": [
        1,
        1,
        null,
        1,
        1,
        null
      ],
      "/Users/sarah/Documents/workspace/pessoal/watchlist/app/models/application_record.rb": [
        1,
        1,
        null
      ],
      "/Users/sarah/Documents/workspace/pessoal/watchlist/app/models/review.rb": [
        1,
        1,
        null,
        1,
        1,
        1,
        null
      ],
      "/Users/sarah/Documents/workspace/pessoal/watchlist/app/models/season.rb": [
        1,
        1,
        null,
        1,
        null
      ],
      "/Users/sarah/Documents/workspace/pessoal/watchlist/app/models/show.rb": [
        1,
        1,
        1,
        null
      ],
      "/Users/sarah/Documents/workspace/pessoal/watchlist/app/models/watch.rb": [
        1,
        1,
        1,
        null,
        1,
        null
      ],
      "/Users/sarah/Documents/workspace/pessoal/watchlist/app/controllers/episodes_controller.rb": [
        1,
        1,
        2,
        null,
        null,
        1,
        2,
        null,
        null,
        1,
        4,
        null,
        4,
        2,
        null,
        2,
        null,
        null,
        null,
        1,
        3,
        2,
        null,
        1,
        null,
        null,
        null,
        1,
        1,
        null,
        null,
        1,
        null,
        1,
        7,
        null,
        null,
        1,
        9,
        null,
        null
      ],
      "/Users/sarah/Documents/workspace/pessoal/watchlist/app/controllers/application_controller.rb": [
        1,
        null
      ],
      "/Users/sarah/Documents/workspace/pessoal/watchlist/app/controllers/reviews_controller.rb": [
        1,
        1,
        2,
        null,
        null,
        1,
        2,
        null,
        null,
        1,
        4,
        null,
        4,
        2,
        null,
        2,
        null,
        null,
        null,
        1,
        3,
        2,
        null,
        1,
        null,
        null,
        null,
        1,
        1,
        null,
        null,
        1,
        null,
        1,
        7,
        null,
        null,
        1,
        9,
        null,
        null
      ],
      "/Users/sarah/Documents/workspace/pessoal/watchlist/app/controllers/seasons_controller.rb": [
        1,
        1,
        2,
        null,
        null,
        1,
        2,
        null,
        null,
        1,
        4,
        null,
        4,
        2,
        null,
        2,
        null,
        null,
        null,
        1,
        3,
        2,
        null,
        1,
        null,
        null,
        null,
        1,
        1,
        null,
        null,
        1,
        null,
        1,
        7,
        null,
        null,
        1,
        9,
        null,
        null
      ],
      "/Users/sarah/Documents/workspace/pessoal/watchlist/app/controllers/shows_controller.rb": [
        1,
        1,
        2,
        null,
        null,
        1,
        2,
        null,
        null,
        1,
        4,
        null,
        4,
        2,
        null,
        2,
        null,
        null,
        null,
        1,
        3,
        2,
        null,
        1,
        null,
        null,
        null,
        1,
        1,
        null,
        null,
        1,
        null,
        1,
        7,
        null,
        null,
        1,
        9,
        null,
        null
      ],
      "/Users/sarah/Documents/workspace/pessoal/watchlist/app/controllers/watches_controller.rb": [
        1,
        null,
        1,
        2,
        null,
        null,
        1,
        2,
        null,
        null,
        1,
        4,
        null,
        4,
        2,
        null,
        2,
        null,
        null,
        null,
        1,
        3,
        2,
        null,
        1,
        null,
        null,
        null,
        1,
        1,
        null,
        null,
        1,
        null,
        1,
        9,
        null,
        null,
        1,
        7,
        null,
        null
      ]
    },
    "timestamp": 1653507334
  }
}
