{
  "RSpec": {
    "coverage": {
      "/Users/sarah/Documents/workspace/pessoal/watchlist/app/models/episode.rb": [
        1,
        1,
        null,
        1,
        1,
        null
      ],
      "/Users/sarah/Documents/workspace/pessoal/watchlist/app/models/application_record.rb": [
        1,
        1,
        null
      ],
      "/Users/sarah/Documents/workspace/pessoal/watchlist/app/models/season.rb": [
        1,
        1,
        null,
        1,
        null
      ],
      "/Users/sarah/Documents/workspace/pessoal/watchlist/app/models/show.rb": [
        1,
        1,
        null,
        1,
        1,
        null
      ],
      "/Users/sarah/Documents/workspace/pessoal/watchlist/app/controllers/episodes_controller.rb": [
        1,
        1,
        0,
        null,
        null,
        1,
        0,
        null,
        null,
        1,
        3,
        null,
        3,
        2,
        null,
        1,
        null,
        null,
        null,
        1,
        0,
        0,
        null,
        0,
        null,
        null,
        null,
        1,
        0,
        null,
        null,
        1,
        null,
        1,
        3,
        null,
        null,
        1,
        0,
        null,
        null
      ],
      "/Users/sarah/Documents/workspace/pessoal/watchlist/app/controllers/application_controller.rb": [
        1,
        null
      ]
    },
    "timestamp": 1653490111
  }
}
